

Microchip MPLAB XC8 Assembler V2.30 build 20200825195618 
                                                                                               Fri Oct 09 19:58:32 2020

Microchip MPLAB XC8 C Compiler v2.30 (Free license) build 20200825195618 Og1 
     1                           	processor	16F84A
     2                           	pagewidth 120
     3                           	opt	flic
     4                           	psect	cinit,global,class=CODE,merge=1,delta=2
     5                           	psect	cstackCOMMON,global,class=COMMON,space=1,delta=1,noexec
     6                           	psect	cstackBANK0,global,class=BANK0,space=1,delta=1,noexec
     7                           	psect	maintext,global,class=CODE,split=1,delta=2
     8                           	dabs	1,0x4E,2
     9  0000                     
    10                           ; Version 2.30
    11                           ; Generated 26/08/2020 GMT
    12                           ; 
    13                           ; Copyright © 2020, Microchip Technology Inc. and its subsidiaries ("Microchip")
    14                           ; All rights reserved.
    15                           ; 
    16                           ; This software is developed by Microchip Technology Inc. and its subsidiaries ("Microch
      +                          ip").
    17                           ; 
    18                           ; Redistribution and use in source and binary forms, with or without modification, are
    19                           ; permitted provided that the following conditions are met:
    20                           ; 
    21                           ;     1. Redistributions of source code must retain the above copyright notice, this lis
      +                          t of
    22                           ;        conditions and the following disclaimer.
    23                           ; 
    24                           ;     2. Redistributions in binary form must reproduce the above copyright notice, this 
      +                          list
    25                           ;        of conditions and the following disclaimer in the documentation and/or other
    26                           ;        materials provided with the distribution. Publication is not required when
    27                           ;        this file is used in an embedded application.
    28                           ; 
    29                           ;     3. Microchip's name may not be used to endorse or promote products derived from th
      +                          is
    30                           ;        software without specific prior written permission.
    31                           ; 
    32                           ; THIS SOFTWARE IS PROVIDED BY MICROCHIP "AS IS" AND ANY EXPRESS OR IMPLIED WARRANTIES,
    33                           ; INCLUDING, BUT NOT LIMITED TO, THE IMPLIED WARRANTIES OF MERCHANTABILITY AND FITNESS F
      +                          OR
    34                           ; PURPOSE ARE DISCLAIMED.  IN NO EVENT SHALL MICROCHIP BE LIABLE FOR ANY DIRECT, INDIREC
      +                          T,
    35                           ; INCIDENTAL, SPECIAL, EXEMPLARY, OR CONSEQUENTIAL DAMAGES (INCLUDING BUT NOT LIMITED TO
    36                           ; PROCUREMENT OF SUBSTITUTE GOODS OR SERVICES; LOSS OF USE, DATA OR PROFITS; OR BUSINESS
    37                           ; INTERRUPTION) HOWSOEVER CAUSED AND ON ANY THEORY OF LIABILITY, WHETHER IN CONTRACT, ST
      +                          RICT
    38                           ; LIABILITY, OR TORT (INCLUDING NEGLIGENCE OR OTHERWISE) ARISING IN ANY WAY OUT OF THE U
      +                          SE OF
    39                           ; THIS SOFTWARE, EVEN IF ADVISED OF THE POSSIBILITY OF SUCH DAMAGE.
    40                           ; 
    41                           ; 
    42                           ; Code-generator required, PIC16F84A Definitions
    43                           ; 
    44                           ; SFR Addresses
    45  0000                     	;# 
    46  0001                     	;# 
    47  0002                     	;# 
    48  0003                     	;# 
    49  0004                     	;# 
    50  0005                     	;# 
    51  0006                     	;# 
    52  0008                     	;# 
    53  0009                     	;# 
    54  000A                     	;# 
    55  000B                     	;# 
    56  0081                     	;# 
    57  0085                     	;# 
    58  0086                     	;# 
    59  0088                     	;# 
    60  0089                     	;# 
    61  0000                     	;# 
    62  0001                     	;# 
    63  0002                     	;# 
    64  0003                     	;# 
    65  0004                     	;# 
    66  0005                     	;# 
    67  0006                     	;# 
    68  0008                     	;# 
    69  0009                     	;# 
    70  000A                     	;# 
    71  000B                     	;# 
    72  0081                     	;# 
    73  0085                     	;# 
    74  0086                     	;# 
    75  0088                     	;# 
    76  0089                     	;# 
    77  0005                     _PORTAbits	set	5
    78  0006                     _PORTBbits	set	6
    79  0005                     _PORTA	set	5
    80  0086                     _TRISB	set	134
    81  0085                     _TRISA	set	133
    82                           
    83                           	psect	cinit
    84  03FE                     start_initialization:	
    85                           ; #config settings
    86                           
    87  03FE                     __initialization:
    88  03FE                     end_of_initialization:	
    89                           ;End of C runtime variable initialization code
    90                           
    91  03FE                     __end_of__initialization:
    92  03FE  0183               	clrf	3
    93  03FF  2BD7               	ljmp	_main	;jump to C main() function
    94                           
    95                           	psect	cstackCOMMON
    96  0000                     __pcstackCOMMON:
    97  0000                     ??_main:
    98                           
    99                           	psect	cstackBANK0
   100  000C                     __pcstackBANK0:	
   101                           ; 1 bytes @ 0x0
   102                           
   103  000C                     ?_main:
   104  000C                     main@argc:	
   105                           ; 2 bytes @ 0x0
   106                           
   107                           
   108                           ; 2 bytes @ 0x0
   109  000C                     	ds	2
   110  000E                     main@argv:
   111                           
   112                           ; 2 bytes @ 0x2
   113  000E                     	ds	2
   114                           
   115                           	psect	maintext
   116  03D7                     __pmaintext:	
   117 ;;
   118 ;;Main: autosize = 0, tempsize = 0, incstack = 0, save=0
   119 ;;
   120 ;; *************** function _main *****************
   121 ;; Defined at:
   122 ;;		line 13 in file "buttoms.c"
   123 ;; Parameters:    Size  Location     Type
   124 ;;  argc            2    0[BANK0 ] int 
   125 ;;  argv            2    2[BANK0 ] PTR PTR unsigned char 
   126 ;; Auto vars:     Size  Location     Type
   127 ;;		None
   128 ;; Return value:  Size  Location     Type
   129 ;;                  2    0[BANK0 ] int 
   130 ;; Registers used:
   131 ;;		wreg, status,2, status,0
   132 ;; Tracked objects:
   133 ;;		On entry : B00/0
   134 ;;		On exit  : 0/0
   135 ;;		Unchanged: 0/0
   136 ;; Data sizes:     COMMON   BANK0
   137 ;;      Params:         0       4
   138 ;;      Locals:         0       0
   139 ;;      Temps:          0       0
   140 ;;      Totals:         0       4
   141 ;;Total ram usage:        4 bytes
   142 ;; This function calls:
   143 ;;		Nothing
   144 ;; This function is called by:
   145 ;;		Startup code after reset
   146 ;; This function uses a non-reentrant model
   147 ;;
   148                           
   149                           
   150                           ;psect for function _main
   151  03D7                     _main:
   152  03D7                     l632:	
   153                           ;incstack = 0
   154                           ; Regs used in _main: [wreg+status,2+status,0]
   155                           
   156                           
   157                           ;buttoms.c: 15:     TRISA=0;
   158  03D7  1683               	bsf	3,5	;RP0=1, select bank1
   159  03D8  0185               	clrf	5	;volatile
   160  03D9                     l634:
   161                           
   162                           ;buttoms.c: 16:     TRISB=0xff;
   163  03D9  30FF               	movlw	255
   164  03DA  0086               	movwf	6	;volatile
   165  03DB                     l636:
   166                           
   167                           ;buttoms.c: 17:     PORTA=0b00001;
   168  03DB  3001               	movlw	1
   169  03DC  1283               	bcf	3,5	;RP0=0, select bank0
   170  03DD  0085               	movwf	5	;volatile
   171  03DE                     l638:
   172                           
   173                           ;buttoms.c: 19:     {;buttoms.c: 20:         if(PORTBbits.RB0==0 || PORTBbits.RB1==0)
   174  03DE  1C06               	btfss	6,0	;volatile
   175  03DF  2BE1               	goto	u71
   176  03E0  2BE2               	goto	u70
   177  03E1                     u71:
   178  03E1  2BE6               	goto	l642
   179  03E2                     u70:
   180  03E2                     l640:
   181  03E2  1886               	btfsc	6,1	;volatile
   182  03E3  2BE5               	goto	u81
   183  03E4  2BE6               	goto	u80
   184  03E5                     u81:
   185  03E5  2BDE               	goto	l638
   186  03E6                     u80:
   187  03E6                     l642:
   188                           
   189                           ;buttoms.c: 21:         {;buttoms.c: 22:             PORTAbits.RA0=!PORTAbits.RA0;
   190  03E6  1003               	clrc
   191  03E7  1C05               	btfss	5,0	;volatile
   192  03E8  1403               	setc
   193  03E9  1803               	btfsc	3,0
   194  03EA  2BEC               	goto	u91
   195  03EB  2BEF               	goto	u90
   196  03EC                     u91:
   197  03EC  1283               	bcf	3,5	;RP0=0, select bank0
   198  03ED  1405               	bsf	5,0	;volatile
   199  03EE  2BF1               	goto	u104
   200  03EF                     u90:
   201  03EF  1283               	bcf	3,5	;RP0=0, select bank0
   202  03F0  1005               	bcf	5,0	;volatile
   203  03F1                     u104:
   204                           
   205                           ;buttoms.c: 24:             while(PORTBbits.RB0==0 || PORTBbits.RB1==0)
   206  03F1  2BF3               	goto	l21
   207  03F2                     l22:
   208                           
   209                           ;buttoms.c: 25:             {;buttoms.c: 26:               _delay((unsigned long)((1)*(8
      +                          000/4000.0)));
   210  03F2  2BF3               	nop2	;2 cycle nop
   211  03F3                     l21:	
   212                           ;buttoms.c: 27:             }
   213                           
   214                           
   215                           ;buttoms.c: 24:             while(PORTBbits.RB0==0 || PORTBbits.RB1==0)
   216  03F3  1283               	bcf	3,5	;RP0=0, select bank0
   217  03F4  1C06               	btfss	6,0	;volatile
   218  03F5  2BF7               	goto	u111
   219  03F6  2BF8               	goto	u110
   220  03F7                     u111:
   221  03F7  2BF2               	goto	l22
   222  03F8                     u110:
   223  03F8                     l644:
   224  03F8  1C86               	btfss	6,1	;volatile
   225  03F9  2BFB               	goto	u121
   226  03FA  2BFC               	goto	u120
   227  03FB                     u121:
   228  03FB  2BF2               	goto	l22
   229  03FC                     u120:
   230  03FC  2BDE               	goto	l638
   231  03FD  2800               	ljmp	start
   232  03FE                     __end_of_main:
   233  004E                     btemp	set	78	;btemp
   234  004E                     wtemp0	set	78

Data Sizes:
    Strings     0
    Constant    0
    Data        0
    BSS         0
    Persistent  0
    Stack       0

Auto Spaces:
    Space          Size  Autos    Used
    COMMON            0      0       0
    BANK0            66      4       4

Pointer List with Targets:

    None.

Critical Paths under _main in COMMON

    None.

Critical Paths under _main in BANK0

    None.

Call Graph Tables:

 ---------------------------------------------------------------------------------
 (Depth) Function   	        Calls       Base Space   Used Autos Params    Refs
 ---------------------------------------------------------------------------------
 (0) _main                                                 4     0      4       0
                                              0 BANK0      4     0      4
 ---------------------------------------------------------------------------------
 Estimated maximum stack depth 0
 ---------------------------------------------------------------------------------

 Call Graph Graphs:

 _main (ROOT)

 Address spaces:
Name               Size   Autos  Total    Cost      Usage
BITCOMMON            0      0       0       0        0.0%
EEDATA              40      0       0       0        0.0%
NULL                 0      0       0       0        0.0%
CODE                 0      0       0       0        0.0%
BITSFR0              0      0       0       1        0.0%
SFR0                 0      0       0       1        0.0%
COMMON               0      0       0       1        0.0%
BITSFR1              0      0       0       2        0.0%
SFR1                 0      0       0       2        0.0%
STACK                0      0       0       2        0.0%
BANK0               42      4       4       3        6.1%
ABS                  0      0       0       4        0.0%
BITBANK0            42      0       0       5        0.0%
DATA                 0      0       0       6        0.0%


Microchip Technology PIC Macro Assembler V2.30 build 20200825195618 
Symbol Table                                                                                   Fri Oct 09 19:58:32 2020

                     l21 03F3                       l22 03F2                       u70 03E2  
                     u71 03E1                       u80 03E6                       u81 03E5  
                     u90 03EF                       u91 03EC                      l640 03E2  
                    l632 03D7                      l642 03E6                      l634 03D9  
                    l644 03F8                      l636 03DB                      l638 03DE  
                    u110 03F8                      u111 03F7                      u120 03FC  
                    u104 03F1                      u121 03FB                     _main 03D7  
                   btemp 004E                     start 0000                    ?_main 000C  
                  _PORTA 0005                    _TRISA 0085                    _TRISB 0086  
                  status 0003                    wtemp0 004E          __initialization 03FE  
           __end_of_main 03FE                   ??_main 0000  __end_of__initialization 03FE  
         __pcstackCOMMON 0000               __pmaintext 03D7     end_of_initialization 03FE  
              _PORTAbits 0005                _PORTBbits 0006      start_initialization 03FE  
              ___latbits 0000            __pcstackBANK0 000C            __size_of_main 0027  
               main@argc 000C                 main@argv 000E  
